\BOOKMARK [0][-]{section*.1}{\376\377\004\036\004\063\004\073\004\060\004\062\004\073\004\065\004\075\004\070\004\065}{}
\BOOKMARK [0][-]{chapter.2}{\376\377\004\035\004\060\004\101\004\102\004\100\004\076\004\071\004\072\004\060\000\040\004\077\004\100\004\076\004\070\004\067\004\062\004\076\004\064\004\070\004\102\004\065\004\073\004\114\004\075\004\076\004\101\004\102\004\070}{}
\BOOKMARK [1][-]{section.3}{\376\377\004\022\004\062\004\065\004\064\004\065\004\075\004\070\004\065}{chapter.2}
\BOOKMARK [2][-]{section*.4}{\376\377\004\035\004\065\000\040\004\070\004\101\004\077\004\076\004\073\004\114\004\067\004\103\004\071\004\102\004\065\000\040\004\075\004\060\004\101\004\102\004\100\004\076\004\071\004\072\004\070\000\040\004\077\004\076\000\040\004\103\004\074\004\076\004\073\004\107\004\060\004\075\004\070\004\116}{section.3}
\BOOKMARK [2][-]{section*.5}{\376\377\004\030\004\101\004\077\004\076\004\073\004\114\004\067\004\103\004\071\004\102\004\065\000\040\004\060\004\072\004\102\004\103\004\060\004\073\004\114\004\075\004\103\004\116\000\040\004\062\004\065\004\100\004\101\004\070\004\116\000\040\004\101\004\065\004\100\004\062\004\065\004\100\004\060}{section.3}
\BOOKMARK [2][-]{section*.6}{\376\377\004\041\004\102\004\076\004\070\004\102\000\040\004\073\004\070\000\040\004\064\004\076\004\062\004\065\004\100\004\117\004\102\004\114\000\040\004\102\004\065\004\101\004\102\004\060\004\074\000\040\004\077\004\100\004\076\004\070\004\067\004\062\004\076\004\064\004\070\004\102\004\065\004\073\004\114\004\075\004\076\004\101\004\102\004\070}{section.3}
\BOOKMARK [1][-]{section.7}{\376\377\004\035\004\060\004\101\004\102\004\100\004\076\004\071\004\072\004\060\000\040\004\101\004\065\004\100\004\062\004\065\004\100\004\060}{chapter.2}
\BOOKMARK [2][-]{section*.8}{\376\377\004\030\004\101\004\077\004\076\004\073\004\114\004\067\004\103\004\065\004\074\004\060\004\117\000\040\004\077\004\060\004\074\004\117\004\102\004\114}{section.7}
\BOOKMARK [2][-]{section*.14}{\376\377\004\026\004\103\004\100\004\075\004\060\004\073\000\040\004\102\004\100\004\060\004\075\004\067\004\060\004\072\004\106\004\070\004\071\000\040\004\070\000\040\004\072\004\076\004\075\004\102\004\100\004\076\004\073\004\114\004\075\004\113\004\065\000\040\004\102\004\076\004\107\004\072\004\070}{section.7}
\BOOKMARK [2][-]{section*.18}{\376\377\004\037\004\073\004\060\004\075\004\070\004\100\004\076\004\062\004\111\004\070\004\072\000\040\004\067\004\060\004\077\004\100\004\076\004\101\004\076\004\062}{section.7}
\BOOKMARK [2][-]{section*.19}{\376\377\004\041\004\061\004\076\004\100\000\040\004\101\004\102\004\060\004\102\004\070\004\101\004\102\004\070\004\072\004\070}{section.7}
\BOOKMARK [1][-]{section.20}{\376\377\004\024\004\070\004\101\004\072\004\070\000\040\004\070\000\040\004\104\004\060\004\071\004\073\004\076\004\062\004\113\004\065\000\040\004\101\004\070\004\101\004\102\004\065\004\074\004\113}{chapter.2}
\BOOKMARK [2][-]{section*.21}{\376\377\004\037\004\065\004\100\004\065\004\075\004\076\004\101\000\040\004\066\004\103\004\100\004\075\004\060\004\073\004\060\000\040\004\102\004\100\004\060\004\075\004\067\004\060\004\072\004\106\004\070\004\071\000\040\004\075\004\060\000\040\004\076\004\102\004\064\004\065\004\073\004\114\004\075\004\113\004\071\000\040\004\064\004\070\004\101\004\072}{section.20}
\BOOKMARK [1][-]{section.22}{\376\377\004\037\004\100\004\070\004\074\004\065\004\100\004\113\000\040\004\075\004\060\004\101\004\102\004\100\004\076\004\065\004\072}{chapter.2}
\BOOKMARK [2][-]{section*.23}{\376\377\004\041\004\100\004\065\004\064\004\075\004\065\004\101\004\102\004\060\004\102\004\070\004\101\004\102\004\070\004\107\004\065\004\101\004\072\004\060\004\117\000\040\004\075\004\060\004\101\004\102\004\100\004\076\004\071\004\072\004\060\000\040\004\064\004\073\004\117\000\040\004\074\004\060\004\072\004\101\004\070\004\074\004\060\004\073\004\114\004\075\004\076\004\071\000\040\004\077\004\100\004\076\004\070\004\067\004\062\004\076\004\064\004\070\004\102\004\065\004\073\004\114\004\075\004\076\004\101\004\102\004\070}{section.22}
\BOOKMARK [2][-]{section*.24}{\376\377\004\041\004\100\004\065\004\064\004\075\004\065\004\101\004\102\004\060\004\102\004\070\004\101\004\102\004\070\004\107\004\065\004\101\004\072\004\060\004\117\000\040\004\075\004\060\004\101\004\102\004\100\004\076\004\071\004\072\004\060\000\040\004\064\004\073\004\117\000\040\004\076\004\072\004\076\004\075\004\075\004\076\004\063\004\076\000\040\004\077\004\100\004\070\004\073\004\076\004\066\004\065\004\075\004\070\004\117\000\040\000\050\0001\004\041\000\051\000,\000\040\0002\000\040\004\023\004\021\000\040\004\077\004\060\004\074\004\117\004\102\004\070}{section.22}
\BOOKMARK [2][-]{section*.25}{\376\377\004\041\004\100\004\065\004\064\004\075\004\065\004\101\004\102\004\060\004\102\004\070\004\101\004\102\004\070\004\107\004\065\004\101\004\072\004\060\004\117\000\040\004\075\004\060\004\101\004\102\004\100\004\076\004\071\004\072\004\060\000\040\004\064\004\073\004\117\000\040\000W\000e\000b\000\040\004\077\004\100\004\070\004\073\004\076\004\066\004\065\004\075\004\070\004\117\000,\000\040\0002\000\040\004\023\004\021\000\040\004\077\004\060\004\074\004\117\004\102\004\070}{section.22}
\BOOKMARK [2][-]{section*.26}{\376\377\004\041\004\100\004\065\004\064\004\075\004\065\004\101\004\102\004\060\004\102\004\070\004\101\004\102\004\070\004\107\004\065\004\101\004\072\004\060\004\117\000\040\004\075\004\060\004\101\004\102\004\100\004\076\004\071\004\072\004\060\000\040\004\064\004\073\004\117\000\040\000W\000e\000b\000\040\004\077\004\100\004\070\004\073\004\076\004\066\004\065\004\075\004\070\004\117\000,\000\040\0008\000\040\004\023\004\021\000\040\004\077\004\060\004\074\004\117\004\102\004\070}{section.22}
\BOOKMARK [1][-]{section.27}{\376\377\004\020\004\062\004\102\004\076\004\074\004\060\004\102\004\070\004\107\004\065\004\101\004\072\004\076\004\065\000\040\004\101\004\076\004\067\004\064\004\060\004\075\004\070\004\065\000\040\004\076\004\077\004\102\004\070\004\074\004\060\004\073\004\114\004\075\004\113\004\105\000\040\004\075\004\060\004\101\004\102\004\100\004\076\004\065\004\072\000:\000\040\000p\000g\000t\000u\000n\000e}{chapter.2}
\BOOKMARK [1][-]{section.31}{\376\377\004\036\004\077\004\102\004\070\004\074\004\070\004\067\004\060\004\106\004\070\004\117\000\040\004\021\004\024\000\040\004\070\000\040\004\077\004\100\004\070\004\073\004\076\004\066\004\065\004\075\004\070\004\117}{chapter.2}
\BOOKMARK [2][-]{section*.38}{\376\377\004\037\004\076\004\064\004\064\004\065\004\100\004\066\004\060\004\075\004\070\004\065\000\040\004\061\004\060\004\067\004\113\000\040\004\062\000\040\004\077\004\076\004\100\004\117\004\064\004\072\004\065}{section.31}
\BOOKMARK [2][-]{section*.41}{\376\377\004\030\004\101\004\077\004\076\004\073\004\114\004\067\004\076\004\062\004\060\004\075\004\070\004\065\000\040\004\070\004\075\004\064\004\065\004\072\004\101\004\076\004\062}{section.31}
\BOOKMARK [2][-]{section*.45}{\376\377\004\037\004\065\004\100\004\065\004\075\004\076\004\101\000\040\004\073\004\076\004\063\004\070\004\072\004\070\000\040\004\075\004\060\000\040\004\101\004\102\004\076\004\100\004\076\004\075\004\103\000\040\004\101\004\065\004\100\004\062\004\065\004\100\004\060}{section.31}
\BOOKMARK [2][-]{section*.46}{\376\377\004\036\004\077\004\102\004\070\004\074\004\070\004\067\004\060\004\106\004\070\004\117\000\040\004\072\004\076\004\075\004\072\004\100\004\065\004\102\004\075\004\113\004\105\000\040\004\067\004\060\004\077\004\100\004\076\004\101\004\076\004\062}{section.31}
\BOOKMARK [2][-]{section*.91}{\376\377\004\036\004\077\004\102\004\070\004\074\004\070\004\067\004\060\004\106\004\070\004\117\000\040\004\067\004\060\004\077\004\100\004\076\004\101\004\076\004\062\000\040\004\101\000\040\004\077\004\076\004\074\004\076\004\111\004\114\004\116\000\040\000p\000g\000F\000o\000u\000i\000n\000e}{section.31}
\BOOKMARK [1][-]{section.104}{\376\377\004\027\004\060\004\072\004\073\004\116\004\107\004\065\004\075\004\070\004\065}{chapter.2}
\BOOKMARK [0][-]{chapter.105}{\376\377\004\040\004\065\004\077\004\073\004\070\004\072\004\060\004\106\004\070\004\117}{}
\BOOKMARK [1][-]{section.106}{\376\377\004\022\004\062\004\065\004\064\004\065\004\075\004\070\004\065}{chapter.105}
\BOOKMARK [1][-]{section.107}{\376\377\000S\000l\000o\000n\000y\000-\000I}{chapter.105}
\BOOKMARK [2][-]{section*.108}{\376\377\004\022\004\062\004\065\004\064\004\065\004\075\004\070\004\065}{section.107}
\BOOKMARK [2][-]{section*.110}{\376\377\004\043\004\101\004\102\004\060\004\075\004\076\004\062\004\072\004\060}{section.107}
\BOOKMARK [2][-]{section*.111}{\376\377\004\035\004\060\004\101\004\102\004\100\004\076\004\071\004\072\004\060}{section.107}
\BOOKMARK [2][-]{section*.118}{\376\377\004\036\004\061\004\111\004\070\004\065\000\040\004\067\004\060\004\064\004\060\004\107\004\070}{section.107}
\BOOKMARK [2][-]{section*.120}{\376\377\004\043\004\101\004\102\004\100\004\060\004\075\004\065\004\075\004\070\004\065\000\040\004\075\004\065\004\070\004\101\004\077\004\100\004\060\004\062\004\075\004\076\004\101\004\102\004\065\004\071}{section.107}
\BOOKMARK [1][-]{section.123}{\376\377\000L\000o\000n\000d\000i\000s\000t\000e}{chapter.105}
\BOOKMARK [2][-]{section*.124}{\376\377\004\022\004\062\004\065\004\064\004\065\004\075\004\070\004\065}{section.123}
\BOOKMARK [2][-]{section*.125}{\376\377\004\043\004\101\004\102\004\060\004\075\004\076\004\062\004\072\004\060}{section.123}
\BOOKMARK [2][-]{section*.126}{\376\377\004\035\004\060\004\101\004\102\004\100\004\076\004\071\004\072\004\060}{section.123}
\BOOKMARK [2][-]{section*.135}{\376\377\004\036\004\061\004\111\004\070\004\065\000\040\004\067\004\060\004\064\004\060\004\107\004\070}{section.123}
\BOOKMARK [2][-]{section*.152}{\376\377\004\043\004\101\004\102\004\100\004\060\004\075\004\065\004\075\004\070\004\065\000\040\004\075\004\065\004\070\004\101\004\077\004\100\004\060\004\062\004\075\004\076\004\101\004\102\004\065\004\071}{section.123}
\BOOKMARK [1][-]{section.154}{\376\377\000B\000u\000c\000a\000r\000d\000o}{chapter.105}
\BOOKMARK [2][-]{section*.155}{\376\377\004\022\004\062\004\065\004\064\004\065\004\075\004\070\004\065}{section.154}
\BOOKMARK [2][-]{section*.156}{\376\377\004\043\004\101\004\102\004\060\004\075\004\076\004\062\004\072\004\060}{section.154}
\BOOKMARK [2][-]{section*.172}{\376\377\004\035\004\060\004\101\004\102\004\100\004\076\004\071\004\072\004\060}{section.154}
\BOOKMARK [2][-]{section*.207}{\376\377\004\036\004\061\004\111\004\070\004\065\000\040\004\067\004\060\004\064\004\060\004\107\004\070}{section.154}
\BOOKMARK [1][-]{section.219}{\376\377\000R\000u\000b\000y\000R\000e\000p}{chapter.105}
\BOOKMARK [2][-]{section*.220}{\376\377\004\022\004\062\004\065\004\064\004\065\004\075\004\070\004\065}{section.219}
\BOOKMARK [2][-]{section*.221}{\376\377\004\043\004\101\004\102\004\060\004\075\004\076\004\062\004\072\004\060}{section.219}
\BOOKMARK [2][-]{section*.228}{\376\377\004\035\004\060\004\101\004\102\004\100\004\076\004\071\004\072\004\060}{section.219}
\BOOKMARK [2][-]{section*.233}{\376\377\004\043\004\101\004\102\004\100\004\060\004\075\004\065\004\075\004\070\004\065\000\040\004\075\004\065\004\070\004\101\004\077\004\100\004\060\004\062\004\075\004\076\004\101\004\102\004\065\004\071}{section.219}
\BOOKMARK [1][-]{section.237}{\376\377\004\027\004\060\004\072\004\073\004\116\004\107\004\065\004\075\004\070\004\065}{chapter.105}
\BOOKMARK [0][-]{chapter.238}{\376\377\004\032\004\073\004\060\004\101\004\102\004\065\004\100\004\070\004\067\004\060\004\106\004\070\004\117\000\040\004\021\004\024}{}
\BOOKMARK [1][-]{section.239}{\376\377\004\022\004\062\004\065\004\064\004\065\004\075\004\070\004\065}{chapter.238}
\BOOKMARK [1][-]{section.240}{\376\377\000P\000L\000/\000P\000r\000o\000x\000y}{chapter.238}
\BOOKMARK [2][-]{section*.241}{\376\377\004\043\004\101\004\102\004\060\004\075\004\076\004\062\004\072\004\060}{section.240}
\BOOKMARK [2][-]{section*.246}{\376\377\004\035\004\060\004\101\004\102\004\100\004\076\004\071\004\072\004\060}{section.240}
\BOOKMARK [2][-]{section*.370}{\376\377\004\022\004\101\004\065\000\040\004\073\004\070\000\040\004\102\004\060\004\072\000\040\004\077\004\100\004\076\004\101\004\102\004\076\000?}{section.240}
\BOOKMARK [1][-]{section.371}{\376\377\000H\000a\000d\000o\000o\000p\000D\000B}{chapter.238}
\BOOKMARK [2][-]{section*.373}{\376\377\004\043\004\101\004\102\004\060\004\075\004\076\004\062\004\072\004\060\000\040\004\070\000\040\004\075\004\060\004\101\004\102\004\100\004\076\004\071\004\072\004\060}{section.371}
\BOOKMARK [2][-]{section*.688}{\376\377\004\027\004\060\004\072\004\073\004\116\004\107\004\065\004\075\004\070\004\065}{section.371}
\BOOKMARK [1][-]{section.689}{\376\377\004\027\004\060\004\072\004\073\004\116\004\107\004\065\004\075\004\070\004\065}{chapter.238}
\BOOKMARK [0][-]{chapter.690}{\376\377\000P\000g\000P\000o\000o\000l\000-\000I\000I}{}
\BOOKMARK [1][-]{section.691}{\376\377\004\022\004\062\004\065\004\064\004\065\004\075\004\070\004\065}{chapter.690}
\BOOKMARK [1][-]{section.692}{\376\377\004\024\004\060\004\062\004\060\004\071\004\102\004\065\000\040\004\075\004\060\004\107\004\075\004\065\004\074\000!}{chapter.690}
\BOOKMARK [2][-]{section*.693}{\376\377\004\043\004\101\004\102\004\060\004\075\004\076\004\062\004\072\004\060\000\040\000p\000g\000p\000o\000o\000l\000-\000I\000I}{section.692}
\BOOKMARK [2][-]{section*.702}{\376\377\004\044\004\060\004\071\004\073\004\113\000\040\004\072\004\076\004\075\004\104\004\070\004\063\004\103\004\100\004\060\004\106\004\070\004\070}{section.692}
\BOOKMARK [2][-]{section*.708}{\376\377\004\035\004\060\004\101\004\102\004\100\004\076\004\071\004\072\004\060\000\040\004\072\004\076\004\074\004\060\004\075\004\064\000\040\000P\000C\000P}{section.692}
\BOOKMARK [2][-]{section*.718}{\376\377\004\037\004\076\004\064\004\063\004\076\004\102\004\076\004\062\004\072\004\060\000\040\004\103\004\067\004\073\004\076\004\062\000\040\004\061\004\060\004\067\000\040\004\064\004\060\004\075\004\075\004\113\004\105}{section.692}
\BOOKMARK [2][-]{section*.729}{\376\377\004\027\004\060\004\077\004\103\004\101\004\072\000/\004\036\004\101\004\102\004\060\004\075\004\076\004\062\004\072\004\060\000\040\000p\000g\000p\000o\000o\000l\000-\000I\000I}{section.692}
\BOOKMARK [1][-]{section.744}{\376\377\004\022\004\060\004\110\004\060\000\040\004\077\004\065\004\100\004\062\004\060\004\117\000\040\004\100\004\065\004\077\004\073\004\070\004\072\004\060\004\106\004\070\004\117}{chapter.690}
\BOOKMARK [2][-]{section*.745}{\376\377\004\035\004\060\004\101\004\102\004\100\004\076\004\071\004\072\004\060\000\040\004\100\004\065\004\077\004\073\004\070\004\072\004\060\004\106\004\070\004\070}{section.744}
\BOOKMARK [2][-]{section*.750}{\376\377\004\037\004\100\004\076\004\062\004\065\004\100\004\072\004\060\000\040\004\100\004\065\004\077\004\073\004\070\004\072\004\060\004\106\004\070\004\070}{section.744}
\BOOKMARK [1][-]{section.764}{\376\377\004\022\004\060\004\110\000\040\004\077\004\065\004\100\004\062\004\113\004\071\000\040\004\077\004\060\004\100\004\060\004\073\004\073\004\065\004\073\004\114\004\075\004\113\004\071\000\040\004\067\004\060\004\077\004\100\004\076\004\101}{chapter.690}
\BOOKMARK [2][-]{section*.765}{\376\377\004\035\004\060\004\101\004\102\004\100\004\076\004\071\004\072\004\060\000\040\004\077\004\060\004\100\004\060\004\073\004\073\004\065\004\073\004\114\004\075\004\076\004\063\004\076\000\040\004\067\004\060\004\077\004\100\004\076\004\101\004\060}{section.764}
\BOOKMARK [2][-]{section*.776}{\376\377\004\035\004\060\004\101\004\102\004\100\004\076\004\071\004\072\004\060\000\040\000S\000y\000s\000t\000e\000m\000D\000B}{section.764}
\BOOKMARK [2][-]{section*.819}{\376\377\004\043\004\101\004\102\004\060\004\075\004\076\004\062\004\072\004\060\000\040\004\077\004\100\004\060\004\062\004\070\004\073\000\040\004\100\004\060\004\101\004\077\004\100\004\065\004\064\004\065\004\073\004\065\004\075\004\070\004\117\000\040\004\064\004\060\004\075\004\075\004\113\004\105}{section.764}
\BOOKMARK [2][-]{section*.842}{\376\377\004\043\004\101\004\102\004\060\004\075\004\076\004\062\004\072\004\060\000\040\004\077\004\100\004\060\004\062\004\070\004\073\000\040\004\100\004\065\004\077\004\073\004\070\004\072\004\060\004\106\004\070\004\070}{section.764}
\BOOKMARK [2][-]{section*.861}{\376\377\004\037\004\100\004\076\004\062\004\065\004\100\004\072\004\060\000\040\004\077\004\060\004\100\004\060\004\073\004\073\004\065\004\073\004\114\004\075\004\076\004\063\004\076\000\040\004\067\004\060\004\077\004\100\004\076\004\101\004\060}{section.764}
\BOOKMARK [1][-]{section.872}{\376\377\000M\000a\000s\000t\000e\000r\000-\000s\000l\000a\000v\000e\000\040\004\100\004\065\004\066\004\070\004\074}{chapter.690}
\BOOKMARK [1][-]{section.873}{\376\377\004\036\004\075\004\073\004\060\004\071\004\075\000\040\004\062\004\076\004\101\004\102\004\060\004\075\004\076\004\062\004\073\004\065\004\075\004\070\004\065}{chapter.690}
\BOOKMARK [1][-]{section.874}{\376\377\004\027\004\060\004\072\004\073\004\116\004\107\004\065\004\075\004\070\004\065}{chapter.690}
\BOOKMARK [0][-]{chapter.875}{\376\377\004\034\004\103\004\073\004\114\004\102\004\070\004\077\004\073\004\065\004\072\004\101\004\076\004\100\004\113\000\040\004\101\004\076\004\065\004\064\004\070\004\075\004\065\004\075\004\070\004\071}{}
\BOOKMARK [1][-]{section.876}{\376\377\004\022\004\062\004\065\004\064\004\065\004\075\004\070\004\065}{chapter.875}
\BOOKMARK [1][-]{section.877}{\376\377\000P\000g\000B\000o\000u\000n\000c\000e\000r}{chapter.875}
\BOOKMARK [1][-]{section.893}{\376\377\000P\000g\000P\000o\000o\000l\000-\000I\000I\000\040\000v\000s\000\040\000P\000g\000B\000o\000u\000n\000c\000e\000r}{chapter.875}
\BOOKMARK [0][-]{chapter.894}{\376\377\004\021\004\115\004\072\004\060\004\077\000\040\004\070\000\040\004\062\004\076\004\101\004\102\004\060\004\075\004\076\004\062\004\073\004\065\004\075\004\070\004\065\000\040\000P\000o\000s\000t\000g\000r\000e\000S\000Q\000L}{}
\BOOKMARK [1][-]{section.895}{\376\377\004\022\004\062\004\065\004\064\004\065\004\075\004\070\004\065}{chapter.894}
\BOOKMARK [0][-]{chapter.896}{\376\377\000P\000o\000s\000t\000g\000r\000e\000S\000Q\000L\000\040\0009}{}
\BOOKMARK [1][-]{section.897}{\376\377\004\022\004\062\004\065\004\064\004\065\004\075\004\070\004\065}{chapter.896}
